TN:
SF:/Users/sergiobaidon/Desktop/Meals-App/src/store/index.js
FNF:0
FNH:0
DA:8,1
DA:10,1
LF:2
LH:2
BRF:0
BRH:0
end_of_record
TN:
SF:/Users/sergiobaidon/Desktop/Meals-App/src/store/mutations.js
FNF:0
FNH:0
DA:5,1
DA:8,5
DA:11,2
DA:12,2
DA:16,0
DA:19,1
DA:22,0
DA:25,3
DA:28,1
LF:9
LH:7
BRDA:10,0,0,0
BRDA:10,1,0,0
BRDA:11,2,0,2
BRDA:11,2,1,0
BRDA:11,3,0,2
BRDA:11,3,1,2
BRF:6
BRH:3
end_of_record
TN:
SF:/Users/sergiobaidon/Desktop/Meals-App/src/store/getters.js
FN:4,(anonymous_0)
FN:8,(anonymous_1)
FN:11,(anonymous_2)
FNF:3
FNH:3
FNDA:3,(anonymous_0)
FNDA:3,(anonymous_1)
FNDA:3,(anonymous_2)
DA:3,2
DA:4,3
DA:8,3
DA:11,3
LF:4
LH:4
BRDA:3,0,0,2
BRDA:3,0,1,0
BRF:2
BRH:1
end_of_record
TN:
SF:/Users/sergiobaidon/Desktop/Meals-App/src/store/actions.js
FN:6,(anonymous_0)
FN:10,(anonymous_1)
FN:14,(anonymous_2)
FN:18,(anonymous_3)
FN:22,(anonymous_4)
FN:26,(anonymous_5)
FN:30,(anonymous_6)
FN:35,(anonymous_7)
FN:39,(anonymous_8)
FN:43,(anonymous_9)
FN:50,(anonymous_10)
FN:53,(anonymous_11)
FNF:12
FNH:0
FNDA:0,(anonymous_0)
FNDA:0,(anonymous_1)
FNDA:0,(anonymous_2)
FNDA:0,(anonymous_3)
FNDA:0,(anonymous_4)
FNDA:0,(anonymous_5)
FNDA:0,(anonymous_6)
FNDA:0,(anonymous_7)
FNDA:0,(anonymous_8)
FNDA:0,(anonymous_9)
FNDA:0,(anonymous_10)
FNDA:0,(anonymous_11)
DA:5,0
DA:7,0
DA:8,0
DA:10,0
DA:13,0
DA:15,0
DA:16,0
DA:18,0
DA:21,0
DA:23,0
DA:24,0
DA:26,0
DA:29,0
DA:31,0
DA:32,0
DA:33,0
DA:35,0
DA:38,0
DA:40,0
DA:41,0
DA:43,0
DA:46,0
DA:47,0
DA:50,0
DA:51,0
DA:53,0
DA:54,0
DA:58,0
LF:28
LH:0
BRF:0
BRH:0
end_of_record
TN:
SF:/Users/sergiobaidon/Desktop/Meals-App/src/api/index.js
FN:18,(anonymous_0)
FN:23,(anonymous_1)
FN:24,(anonymous_2)
FN:44,(anonymous_3)
FN:48,(anonymous_4)
FNF:5
FNH:0
FNDA:0,(anonymous_0)
FNDA:0,(anonymous_1)
FNDA:0,(anonymous_2)
FNDA:0,(anonymous_3)
FNDA:0,(anonymous_4)
DA:6,0
DA:9,0
DA:10,0
DA:13,0
DA:14,0
DA:17,0
DA:19,0
DA:23,0
DA:24,0
DA:27,0
DA:30,0
DA:31,0
DA:32,0
DA:33,0
DA:36,0
DA:39,0
DA:40,0
DA:43,0
DA:44,0
DA:45,0
DA:48,0
DA:49,0
LF:22
LH:0
BRF:0
BRH:0
end_of_record
TN:
SF:/Users/sergiobaidon/Desktop/Meals-App/src/views/Login.vue
FN:84,(anonymous_0)
FN:88,(anonymous_1)
FN:92,(anonymous_2)
FN:98,(anonymous_3)
FNF:4
FNH:0
FNDA:0,(anonymous_0)
FNDA:0,(anonymous_1)
FNDA:0,(anonymous_2)
FNDA:0,(anonymous_3)
DA:64,5
DA:74,7
DA:77,1
DA:82,1
DA:83,0
DA:84,0
DA:87,0
DA:88,0
DA:91,0
DA:92,0
DA:95,0
DA:96,0
DA:97,0
DA:98,0
LF:14
LH:4
BRDA:74,0,0,2
BRDA:74,0,1,5
BRDA:82,1,0,1
BRDA:82,1,1,0
BRDA:82,2,0,1
BRDA:82,2,1,0
BRDA:95,3,0,0
BRDA:95,3,1,0
BRDA:95,4,0,0
BRDA:95,4,1,0
BRDA:95,4,2,0
BRDA:96,5,0,0
BRDA:96,5,1,0
BRF:13
BRH:4
end_of_record
TN:
SF:/Users/sergiobaidon/Desktop/Meals-App/src/components/MapView.vue
FN:59,(anonymous_0)
FN:75,(anonymous_1)
FN:110,(anonymous_2)
FNF:3
FNH:1
FNDA:0,(anonymous_0)
FNDA:0,(anonymous_1)
FNDA:1,(anonymous_2)
DA:23,3
DA:33,3
DA:36,3
DA:39,3
DA:42,3
DA:50,3
DA:51,3
DA:55,3
DA:58,3
DA:59,3
DA:60,0
DA:61,0
DA:65,0
DA:66,0
DA:67,0
DA:68,0
DA:69,0
DA:70,0
DA:71,0
DA:74,0
DA:75,0
DA:76,0
DA:77,0
DA:78,0
DA:82,0
DA:83,0
DA:84,0
DA:86,0
DA:92,0
DA:93,0
DA:94,0
DA:96,0
DA:97,0
DA:98,0
DA:100,0
DA:101,0
DA:102,0
DA:105,0
DA:108,4
DA:109,3
DA:110,2
DA:113,1
DA:114,0
LF:43
LH:14
BRDA:83,0,0,0
BRDA:83,0,1,0
BRDA:87,1,0,0
BRDA:87,1,1,0
BRDA:92,2,0,0
BRDA:92,2,1,0
BRDA:96,3,0,0
BRDA:96,3,1,0
BRDA:108,4,0,1
BRDA:108,4,1,3
BRDA:109,5,0,1
BRDA:109,5,1,2
BRDA:113,6,0,1
BRDA:113,6,1,0
BRDA:114,7,0,0
BRDA:114,7,1,0
BRDA:114,7,2,0
BRF:17
BRH:5
end_of_record
TN:
SF:/Users/sergiobaidon/Desktop/Meals-App/src/components/Modal.vue
FNF:0
FNH:0
DA:16,3
DA:22,2
LF:2
LH:2
BRF:0
BRH:0
end_of_record
TN:
SF:/Users/sergiobaidon/Desktop/Meals-App/src/views/OrdersView.vue
FN:77,(anonymous_0)
FNF:1
FNH:0
FNDA:0,(anonymous_0)
DA:42,1
DA:51,0
DA:54,1
DA:57,0
DA:60,0
DA:63,1
DA:69,1
DA:70,1
DA:73,0
DA:76,0
DA:77,0
DA:80,0
DA:81,0
DA:82,0
DA:83,0
DA:86,0
DA:87,0
DA:89,0
DA:90,0
DA:91,0
LF:20
LH:5
BRDA:63,0,0,0
BRDA:63,0,1,1
BRDA:76,1,0,0
BRDA:76,1,1,0
BRDA:86,2,0,0
BRDA:86,2,1,0
BRF:6
BRH:1
end_of_record
TN:
SF:/Users/sergiobaidon/Desktop/Meals-App/src/components/Order.vue
FN:98,(anonymous_0)
FN:98,(anonymous_1)
FNF:2
FNH:0
FNDA:0,(anonymous_0)
FNDA:0,(anonymous_1)
DA:73,0
DA:88,0
DA:91,0
DA:94,0
DA:97,0
DA:98,0
DA:100,0
DA:103,0
DA:108,0
DA:109,0
DA:110,0
DA:113,0
DA:114,0
DA:117,0
DA:118,0
DA:119,0
DA:122,0
DA:123,0
DA:124,0
DA:125,0
DA:126,0
LF:21
LH:0
BRDA:94,0,0,0
BRDA:94,0,1,0
BRDA:97,1,0,0
BRDA:97,1,1,0
BRF:4
BRH:0
end_of_record
TN:
SF:/Users/sergiobaidon/Desktop/Meals-App/src/components/Meal.vue
FNF:0
FNH:0
DA:44,0
LF:1
LH:0
BRF:0
BRH:0
end_of_record
TN:
SF:/Users/sergiobaidon/Desktop/Meals-App/src/App.vue
FN:23,(anonymous_0)
FN:45,(anonymous_1)
FNF:2
FNH:0
FNDA:0,(anonymous_0)
FNDA:0,(anonymous_1)
DA:18,0
DA:23,0
DA:27,0
DA:30,0
DA:35,0
DA:38,0
DA:39,0
DA:44,0
DA:45,0
DA:46,0
LF:10
LH:0
BRDA:44,0,0,0
BRDA:44,0,1,0
BRF:2
BRH:0
end_of_record
TN:
SF:/Users/sergiobaidon/Desktop/Meals-App/src/components/Tabs.vue
FN:27,(anonymous_0)
FNF:1
FNH:0
FNDA:0,(anonymous_0)
DA:21,0
DA:27,0
DA:32,0
DA:36,0
DA:40,0
LF:5
LH:0
BRF:0
BRH:0
end_of_record
TN:
SF:/Users/sergiobaidon/Desktop/Meals-App/src/router/index.js
FNF:0
FNH:0
DA:7,1
LF:1
LH:1
BRF:0
BRH:0
end_of_record
TN:
SF:/Users/sergiobaidon/Desktop/Meals-App/src/views/Home.vue
FN:90,(anonymous_0)
FNF:1
FNH:0
FNDA:0,(anonymous_0)
DA:38,0
DA:46,0
DA:50,0
DA:53,0
DA:62,0
DA:63,0
DA:64,0
DA:66,0
DA:70,0
DA:71,0
DA:72,0
DA:75,0
DA:76,0
DA:77,0
DA:79,0
DA:82,0
DA:83,0
DA:86,0
DA:89,0
DA:90,0
LF:20
LH:0
BRDA:62,0,0,0
BRDA:62,0,1,0
BRDA:70,1,0,0
BRDA:70,1,1,0
BRDA:76,2,0,0
BRDA:76,2,1,0
BRF:6
BRH:0
end_of_record
